<?xml version="1.0" encoding="UTF-8"?>
<!-- Generated by org.testng.reporters.JUnitXMLReporter -->
<testsuite hostname="P2C-6CB6NK2" ignored="0" name="Surefire test" tests="5" failures="0" timestamp="05 Dec 2019 10:38:29 GMT" time="146.286" errors="0">
  <testcase name="verifyConatcspageLable" time="0.11" classname="com.qa.Test.Testcases.ContactpageTest"/>
  <testcase name="PerformLoginTestCase" time="0.75" classname="com.qa.Test.Testcases.LoginPageTest"/>
  <testcase name="ClickonNewButtonTest" time="0.407" classname="com.qa.Test.Testcases.ContactpageTest"/>
  <testcase name="PerformLoginTestCase" time="6.589" classname="com.qa.Test.Testcases.HomePageTest"/>
  <testcase name="validateCreateNewConatctTest" time="9.622" classname="com.qa.Test.Testcases.ContactpageTest"/>
</testsuite> <!-- Surefire test -->
