<?xml version="1.0" encoding="UTF-8"?>
<testng-results skipped="9" failed="0" total="9" passed="0">
  <reporter-output>
  </reporter-output>
  <suite name="Default suite" duration-ms="89267" started-at="2019-12-13T10:46:34Z" finished-at="2019-12-13T10:48:04Z">
    <groups>
    </groups>
    <test name="Default test" duration-ms="89267" started-at="2019-12-13T10:46:34Z" finished-at="2019-12-13T10:48:04Z">
      <class name="com.qa.Test.Testcases.FetchdataLoginpageTestUser">
        <test-method status="FAIL" signature="setup()[pri:0, instance:com.qa.Test.Testcases.FetchdataLoginpageTestUser@11531931]" name="setup" is-config="true" duration-ms="0" started-at="2019-12-13T16:16:35Z" finished-at="2019-12-13T16:16:35Z">
          <exception class="org.openqa.selenium.WebDriverException">
            <message>
              <![CDATA[chrome not reachable
Build info: version: '3.141.59', revision: 'e82be7d358', time: '2018-11-14T08:17:03'
System info: host: 'P2C-6CB6NK2', ip: '10.227.32.16', os.name: 'Windows 10', os.arch: 'amd64', os.version: '10.0', java.version: '1.8.0_231'
Driver info: driver.version: ChromeDriver
remote stacktrace: Backtrace:
	Ordinal0 [0x003CAA43+1550915]
	Ordinal0 [0x0034A901+1026305]
	Ordinal0 [0x002CC7BE+509886]
	Ordinal0 [0x002C639F+484255]
	Ordinal0 [0x0025F905+63749]
	Ordinal0 [0x0025C594+50580]
	Ordinal0 [0x0027ACE7+175335]
	Ordinal0 [0x0027A8ED+174317]
	Ordinal0 [0x00278CDB+167131]
	Ordinal0 [0x0026144A+70730]
	Ordinal0 [0x002624D0+74960]
	Ordinal0 [0x00262469+74857]
	Ordinal0 [0x003644C7+1131719]
	GetHandleVerifier [0x0046722D+523773]
	GetHandleVerifier [0x00466FC0+523152]
	GetHandleVerifier [0x0046E317+552679]
	GetHandleVerifier [0x00467A2A+525818]
	Ordinal0 [0x0035B9FC+1096188]
	Ordinal0 [0x0036653B+1140027]
	Ordinal0 [0x003666A3+1140387]
	Ordinal0 [0x00365625+1136165]
	BaseThreadInitThunk [0x74EC60C9+25]
	RtlGetAppContainerNamedObjectPath [0x77217A94+228]
	RtlGetAppContainerNamedObjectPath [0x77217A64+180]
]]>
            </message>
            <full-stacktrace>
              <![CDATA[org.openqa.selenium.WebDriverException: chrome not reachable
Build info: version: '3.141.59', revision: 'e82be7d358', time: '2018-11-14T08:17:03'
System info: host: 'P2C-6CB6NK2', ip: '10.227.32.16', os.name: 'Windows 10', os.arch: 'amd64', os.version: '10.0', java.version: '1.8.0_231'
Driver info: driver.version: ChromeDriver
remote stacktrace: Backtrace:
	Ordinal0 [0x003CAA43+1550915]
	Ordinal0 [0x0034A901+1026305]
	Ordinal0 [0x002CC7BE+509886]
	Ordinal0 [0x002C639F+484255]
	Ordinal0 [0x0025F905+63749]
	Ordinal0 [0x0025C594+50580]
	Ordinal0 [0x0027ACE7+175335]
	Ordinal0 [0x0027A8ED+174317]
	Ordinal0 [0x00278CDB+167131]
	Ordinal0 [0x0026144A+70730]
	Ordinal0 [0x002624D0+74960]
	Ordinal0 [0x00262469+74857]
	Ordinal0 [0x003644C7+1131719]
	GetHandleVerifier [0x0046722D+523773]
	GetHandleVerifier [0x00466FC0+523152]
	GetHandleVerifier [0x0046E317+552679]
	GetHandleVerifier [0x00467A2A+525818]
	Ordinal0 [0x0035B9FC+1096188]
	Ordinal0 [0x0036653B+1140027]
	Ordinal0 [0x003666A3+1140387]
	Ordinal0 [0x00365625+1136165]
	BaseThreadInitThunk [0x74EC60C9+25]
	RtlGetAppContainerNamedObjectPath [0x77217A94+228]
	RtlGetAppContainerNamedObjectPath [0x77217A64+180]

	at sun.reflect.NativeConstructorAccessorImpl.newInstance0(Native Method)
	at sun.reflect.NativeConstructorAccessorImpl.newInstance(NativeConstructorAccessorImpl.java:62)
	at sun.reflect.DelegatingConstructorAccessorImpl.newInstance(DelegatingConstructorAccessorImpl.java:45)
	at java.lang.reflect.Constructor.newInstance(Constructor.java:423)
	at org.openqa.selenium.remote.W3CHandshakeResponse.lambda$errorHandler$0(W3CHandshakeResponse.java:62)
	at org.openqa.selenium.remote.HandshakeResponse.lambda$getResponseFunction$0(HandshakeResponse.java:30)
	at org.openqa.selenium.remote.ProtocolHandshake.lambda$createSession$0(ProtocolHandshake.java:126)
	at java.util.stream.ReferencePipeline$3$1.accept(ReferencePipeline.java:193)
	at java.util.Spliterators$ArraySpliterator.tryAdvance(Spliterators.java:958)
	at java.util.stream.ReferencePipeline.forEachWithCancel(ReferencePipeline.java:126)
	at java.util.stream.AbstractPipeline.copyIntoWithCancel(AbstractPipeline.java:499)
	at java.util.stream.AbstractPipeline.copyInto(AbstractPipeline.java:486)
	at java.util.stream.AbstractPipeline.wrapAndCopyInto(AbstractPipeline.java:472)
	at java.util.stream.FindOps$FindOp.evaluateSequential(FindOps.java:152)
	at java.util.stream.AbstractPipeline.evaluate(AbstractPipeline.java:234)
	at java.util.stream.ReferencePipeline.findFirst(ReferencePipeline.java:464)
	at org.openqa.selenium.remote.ProtocolHandshake.createSession(ProtocolHandshake.java:128)
	at org.openqa.selenium.remote.ProtocolHandshake.createSession(ProtocolHandshake.java:74)
	at org.openqa.selenium.remote.HttpCommandExecutor.execute(HttpCommandExecutor.java:136)
	at org.openqa.selenium.remote.service.DriverCommandExecutor.execute(DriverCommandExecutor.java:83)
	at org.openqa.selenium.remote.RemoteWebDriver.execute(RemoteWebDriver.java:552)
	at org.openqa.selenium.remote.RemoteWebDriver.startSession(RemoteWebDriver.java:213)
	at org.openqa.selenium.remote.RemoteWebDriver.<init>(RemoteWebDriver.java:131)
	at org.openqa.selenium.chrome.ChromeDriver.<init>(ChromeDriver.java:181)
	at org.openqa.selenium.chrome.ChromeDriver.<init>(ChromeDriver.java:168)
	at org.openqa.selenium.chrome.ChromeDriver.<init>(ChromeDriver.java:123)
	at com.main.qa.Testdata.BaseTest.initalise(BaseTest.java:46)
	at com.qa.Test.Testcases.FetchdataLoginpageTestUser.setup(FetchdataLoginpageTestUser.java:25)
	at sun.reflect.NativeMethodAccessorImpl.invoke0(Native Method)
	at sun.reflect.NativeMethodAccessorImpl.invoke(NativeMethodAccessorImpl.java:62)
	at sun.reflect.DelegatingMethodAccessorImpl.invoke(DelegatingMethodAccessorImpl.java:43)
	at java.lang.reflect.Method.invoke(Method.java:498)
	at org.testng.internal.MethodInvocationHelper.invokeMethod(MethodInvocationHelper.java:86)
	at org.testng.internal.Invoker.invokeConfigurationMethod(Invoker.java:514)
	at org.testng.internal.Invoker.invokeConfigurations(Invoker.java:215)
	at org.testng.internal.Invoker.invokeMethod(Invoker.java:589)
	at org.testng.internal.Invoker.invokeTestMethod(Invoker.java:822)
	at org.testng.internal.Invoker.invokeTestMethods(Invoker.java:1130)
	at org.testng.internal.TestMethodWorker.invokeTestMethods(TestMethodWorker.java:129)
	at org.testng.internal.TestMethodWorker.run(TestMethodWorker.java:112)
	at org.testng.TestRunner.privateRun(TestRunner.java:782)
	at org.testng.TestRunner.run(TestRunner.java:632)
	at org.testng.SuiteRunner.runTest(SuiteRunner.java:366)
	at org.testng.SuiteRunner.runSequentially(SuiteRunner.java:361)
	at org.testng.SuiteRunner.privateRun(SuiteRunner.java:319)
	at org.testng.SuiteRunner.run(SuiteRunner.java:268)
	at org.testng.SuiteRunnerWorker.runSuite(SuiteRunnerWorker.java:52)
	at org.testng.SuiteRunnerWorker.run(SuiteRunnerWorker.java:86)
	at org.testng.TestNG.runSuitesSequentially(TestNG.java:1244)
	at org.testng.TestNG.runSuitesLocally(TestNG.java:1169)
	at org.testng.TestNG.run(TestNG.java:1064)
	at org.testng.remote.RemoteTestNG.run(RemoteTestNG.java:113)
	at org.testng.remote.RemoteTestNG.initAndRun(RemoteTestNG.java:206)
	at org.testng.remote.RemoteTestNG.main(RemoteTestNG.java:177)
]]>
            </full-stacktrace>
          </exception> <!-- org.openqa.selenium.WebDriverException -->
          <reporter-output>
          </reporter-output>
        </test-method> <!-- setup -->
        <test-method status="SKIP" signature="TestLoginwithManyuser(java.lang.String, java.lang.String)[pri:0, instance:com.qa.Test.Testcases.FetchdataLoginpageTestUser@11531931]" name="TestLoginwithManyuser" duration-ms="2" started-at="2019-12-13T16:18:03Z" data-provider="getLoginData" finished-at="2019-12-13T16:18:03Z">
          <params>
            <param index="0">
              <value>
                <![CDATA[ravindra.kolate2015@gmail.com]]>
              </value>
            </param>
            <param index="1">
              <value>
                <![CDATA[Freecrm@4113]]>
              </value>
            </param>
          </params>
          <reporter-output>
          </reporter-output>
        </test-method> <!-- TestLoginwithManyuser -->
        <test-method status="SKIP" signature="teardown()[pri:0, instance:com.qa.Test.Testcases.FetchdataLoginpageTestUser@11531931]" name="teardown" is-config="true" duration-ms="0" started-at="2019-12-13T16:18:03Z" finished-at="2019-12-13T16:18:03Z">
          <reporter-output>
          </reporter-output>
        </test-method> <!-- teardown -->
        <test-method status="SKIP" signature="setup()[pri:0, instance:com.qa.Test.Testcases.FetchdataLoginpageTestUser@11531931]" name="setup" is-config="true" duration-ms="0" started-at="2019-12-13T16:18:03Z" finished-at="2019-12-13T16:18:03Z">
          <reporter-output>
          </reporter-output>
        </test-method> <!-- setup -->
        <test-method status="SKIP" signature="TestLoginwithManyuser(java.lang.String, java.lang.String)[pri:0, instance:com.qa.Test.Testcases.FetchdataLoginpageTestUser@11531931]" name="TestLoginwithManyuser" duration-ms="1" started-at="2019-12-13T16:18:03Z" data-provider="getLoginData" finished-at="2019-12-13T16:18:04Z">
          <params>
            <param index="0">
              <value>
                <![CDATA[ravindra.kolate2015@gmail.com]]>
              </value>
            </param>
            <param index="1">
              <value>
                <![CDATA[Freecrm@4113]]>
              </value>
            </param>
          </params>
          <reporter-output>
          </reporter-output>
        </test-method> <!-- TestLoginwithManyuser -->
        <test-method status="SKIP" signature="teardown()[pri:0, instance:com.qa.Test.Testcases.FetchdataLoginpageTestUser@11531931]" name="teardown" is-config="true" duration-ms="0" started-at="2019-12-13T16:18:04Z" finished-at="2019-12-13T16:18:04Z">
          <reporter-output>
          </reporter-output>
        </test-method> <!-- teardown -->
        <test-method status="SKIP" signature="setup()[pri:0, instance:com.qa.Test.Testcases.FetchdataLoginpageTestUser@11531931]" name="setup" is-config="true" duration-ms="0" started-at="2019-12-13T16:18:04Z" finished-at="2019-12-13T16:18:04Z">
          <reporter-output>
          </reporter-output>
        </test-method> <!-- setup -->
        <test-method status="SKIP" signature="TestLoginwithManyuser(java.lang.String, java.lang.String)[pri:0, instance:com.qa.Test.Testcases.FetchdataLoginpageTestUser@11531931]" name="TestLoginwithManyuser" duration-ms="2" started-at="2019-12-13T16:18:04Z" data-provider="getLoginData" finished-at="2019-12-13T16:18:04Z">
          <params>
            <param index="0">
              <value>
                <![CDATA[ravindra.kolate2015@gmail.com]]>
              </value>
            </param>
            <param index="1">
              <value>
                <![CDATA[Freecrm@4113]]>
              </value>
            </param>
          </params>
          <reporter-output>
          </reporter-output>
        </test-method> <!-- TestLoginwithManyuser -->
        <test-method status="SKIP" signature="teardown()[pri:0, instance:com.qa.Test.Testcases.FetchdataLoginpageTestUser@11531931]" name="teardown" is-config="true" duration-ms="0" started-at="2019-12-13T16:18:04Z" finished-at="2019-12-13T16:18:04Z">
          <reporter-output>
          </reporter-output>
        </test-method> <!-- teardown -->
        <test-method status="SKIP" signature="setup()[pri:0, instance:com.qa.Test.Testcases.FetchdataLoginpageTestUser@11531931]" name="setup" is-config="true" duration-ms="0" started-at="2019-12-13T16:18:04Z" finished-at="2019-12-13T16:18:04Z">
          <reporter-output>
          </reporter-output>
        </test-method> <!-- setup -->
        <test-method status="SKIP" signature="TestLoginwithManyuser(java.lang.String, java.lang.String)[pri:0, instance:com.qa.Test.Testcases.FetchdataLoginpageTestUser@11531931]" name="TestLoginwithManyuser" duration-ms="1" started-at="2019-12-13T16:18:04Z" data-provider="getLoginData" finished-at="2019-12-13T16:18:04Z">
          <params>
            <param index="0">
              <value>
                <![CDATA[ravindra.kolate2015@gmail.com]]>
              </value>
            </param>
            <param index="1">
              <value>
                <![CDATA[Freecrm@4113]]>
              </value>
            </param>
          </params>
          <reporter-output>
          </reporter-output>
        </test-method> <!-- TestLoginwithManyuser -->
        <test-method status="SKIP" signature="teardown()[pri:0, instance:com.qa.Test.Testcases.FetchdataLoginpageTestUser@11531931]" name="teardown" is-config="true" duration-ms="0" started-at="2019-12-13T16:18:04Z" finished-at="2019-12-13T16:18:04Z">
          <reporter-output>
          </reporter-output>
        </test-method> <!-- teardown -->
        <test-method status="SKIP" signature="setup()[pri:0, instance:com.qa.Test.Testcases.FetchdataLoginpageTestUser@11531931]" name="setup" is-config="true" duration-ms="0" started-at="2019-12-13T16:18:04Z" finished-at="2019-12-13T16:18:04Z">
          <reporter-output>
          </reporter-output>
        </test-method> <!-- setup -->
        <test-method status="SKIP" signature="TestLoginwithManyuser(java.lang.String, java.lang.String)[pri:0, instance:com.qa.Test.Testcases.FetchdataLoginpageTestUser@11531931]" name="TestLoginwithManyuser" duration-ms="1" started-at="2019-12-13T16:18:04Z" data-provider="getLoginData" finished-at="2019-12-13T16:18:04Z">
          <params>
            <param index="0">
              <value>
                <![CDATA[ravindra.kolate2015@gmail.com]]>
              </value>
            </param>
            <param index="1">
              <value>
                <![CDATA[Freecrm@4113]]>
              </value>
            </param>
          </params>
          <reporter-output>
          </reporter-output>
        </test-method> <!-- TestLoginwithManyuser -->
        <test-method status="SKIP" signature="teardown()[pri:0, instance:com.qa.Test.Testcases.FetchdataLoginpageTestUser@11531931]" name="teardown" is-config="true" duration-ms="0" started-at="2019-12-13T16:18:04Z" finished-at="2019-12-13T16:18:04Z">
          <reporter-output>
          </reporter-output>
        </test-method> <!-- teardown -->
        <test-method status="SKIP" signature="setup()[pri:0, instance:com.qa.Test.Testcases.FetchdataLoginpageTestUser@11531931]" name="setup" is-config="true" duration-ms="0" started-at="2019-12-13T16:18:04Z" finished-at="2019-12-13T16:18:04Z">
          <reporter-output>
          </reporter-output>
        </test-method> <!-- setup -->
        <test-method status="SKIP" signature="TestLoginwithManyuser(java.lang.String, java.lang.String)[pri:0, instance:com.qa.Test.Testcases.FetchdataLoginpageTestUser@11531931]" name="TestLoginwithManyuser" duration-ms="17" started-at="2019-12-13T16:18:04Z" data-provider="getLoginData" finished-at="2019-12-13T16:18:04Z">
          <params>
            <param index="0">
              <value>
                <![CDATA[ravindra.kolate2015@gmail.com]]>
              </value>
            </param>
            <param index="1">
              <value>
                <![CDATA[Test@123]]>
              </value>
            </param>
          </params>
          <reporter-output>
          </reporter-output>
        </test-method> <!-- TestLoginwithManyuser -->
        <test-method status="SKIP" signature="teardown()[pri:0, instance:com.qa.Test.Testcases.FetchdataLoginpageTestUser@11531931]" name="teardown" is-config="true" duration-ms="0" started-at="2019-12-13T16:18:04Z" finished-at="2019-12-13T16:18:04Z">
          <reporter-output>
          </reporter-output>
        </test-method> <!-- teardown -->
        <test-method status="SKIP" signature="setup()[pri:0, instance:com.qa.Test.Testcases.FetchdataLoginpageTestUser@11531931]" name="setup" is-config="true" duration-ms="0" started-at="2019-12-13T16:18:04Z" finished-at="2019-12-13T16:18:04Z">
          <reporter-output>
          </reporter-output>
        </test-method> <!-- setup -->
        <test-method status="SKIP" signature="TestLoginwithManyuser(java.lang.String, java.lang.String)[pri:0, instance:com.qa.Test.Testcases.FetchdataLoginpageTestUser@11531931]" name="TestLoginwithManyuser" duration-ms="1" started-at="2019-12-13T16:18:04Z" data-provider="getLoginData" finished-at="2019-12-13T16:18:04Z">
          <params>
            <param index="0">
              <value>
                <![CDATA[ravindra.kolate2015@gmail.com]]>
              </value>
            </param>
            <param index="1">
              <value>
                <![CDATA[Test@123]]>
              </value>
            </param>
          </params>
          <reporter-output>
          </reporter-output>
        </test-method> <!-- TestLoginwithManyuser -->
        <test-method status="SKIP" signature="teardown()[pri:0, instance:com.qa.Test.Testcases.FetchdataLoginpageTestUser@11531931]" name="teardown" is-config="true" duration-ms="0" started-at="2019-12-13T16:18:04Z" finished-at="2019-12-13T16:18:04Z">
          <reporter-output>
          </reporter-output>
        </test-method> <!-- teardown -->
        <test-method status="SKIP" signature="setup()[pri:0, instance:com.qa.Test.Testcases.FetchdataLoginpageTestUser@11531931]" name="setup" is-config="true" duration-ms="0" started-at="2019-12-13T16:18:04Z" finished-at="2019-12-13T16:18:04Z">
          <reporter-output>
          </reporter-output>
        </test-method> <!-- setup -->
        <test-method status="SKIP" signature="TestLoginwithManyuser(java.lang.String, java.lang.String)[pri:0, instance:com.qa.Test.Testcases.FetchdataLoginpageTestUser@11531931]" name="TestLoginwithManyuser" duration-ms="1" started-at="2019-12-13T16:18:04Z" data-provider="getLoginData" finished-at="2019-12-13T16:18:04Z">
          <params>
            <param index="0">
              <value>
                <![CDATA[ravindra.kolate2015@gmail.com]]>
              </value>
            </param>
            <param index="1">
              <value>
                <![CDATA[Test@123]]>
              </value>
            </param>
          </params>
          <reporter-output>
          </reporter-output>
        </test-method> <!-- TestLoginwithManyuser -->
        <test-method status="SKIP" signature="teardown()[pri:0, instance:com.qa.Test.Testcases.FetchdataLoginpageTestUser@11531931]" name="teardown" is-config="true" duration-ms="0" started-at="2019-12-13T16:18:04Z" finished-at="2019-12-13T16:18:04Z">
          <reporter-output>
          </reporter-output>
        </test-method> <!-- teardown -->
        <test-method status="SKIP" signature="setup()[pri:0, instance:com.qa.Test.Testcases.FetchdataLoginpageTestUser@11531931]" name="setup" is-config="true" duration-ms="0" started-at="2019-12-13T16:18:04Z" finished-at="2019-12-13T16:18:04Z">
          <reporter-output>
          </reporter-output>
        </test-method> <!-- setup -->
        <test-method status="SKIP" signature="TestLoginwithManyuser(java.lang.String, java.lang.String)[pri:0, instance:com.qa.Test.Testcases.FetchdataLoginpageTestUser@11531931]" name="TestLoginwithManyuser" duration-ms="1" started-at="2019-12-13T16:18:04Z" data-provider="getLoginData" finished-at="2019-12-13T16:18:04Z">
          <params>
            <param index="0">
              <value>
                <![CDATA[ravindra.kolate2015@gmail.com]]>
              </value>
            </param>
            <param index="1">
              <value>
                <![CDATA[Test@123]]>
              </value>
            </param>
          </params>
          <reporter-output>
          </reporter-output>
        </test-method> <!-- TestLoginwithManyuser -->
        <test-method status="SKIP" signature="teardown()[pri:0, instance:com.qa.Test.Testcases.FetchdataLoginpageTestUser@11531931]" name="teardown" is-config="true" duration-ms="0" started-at="2019-12-13T16:18:04Z" finished-at="2019-12-13T16:18:04Z">
          <reporter-output>
          </reporter-output>
        </test-method> <!-- teardown -->
      </class> <!-- com.qa.Test.Testcases.FetchdataLoginpageTestUser -->
    </test> <!-- Default test -->
  </suite> <!-- Default suite -->
</testng-results>
